<?xml version="1.0" encoding="UTF-8"?>
<!-- Generated by org.testng.reporters.JUnitReportReporter -->
<testsuite hostname="SV-23-QA-006-R" failures="0" tests="1" name="com.rent.testcases.Login_rent_TC001" time="9.426" errors="0" timestamp="2023-05-30T17:55:02 IST" skipped="0">
  <testcase classname="com.rent.testcases.Login_rent_TC001" name="Login_001" time="9.426"/>
  <system-out/>
</testsuite> <!-- com.rent.testcases.Login_rent_TC001 -->
